<?xml version="1.0" encoding="UTF-8" ?>
<testsuite tests="8" failures="0" name="features.FeaturesRunner" time="0.427" errors="0" skipped="0">
  <properties>
    <property name="java.runtime.name" value="OpenJDK Runtime Environment"/>
    <property name="sun.boot.library.path" value="/usr/lib64/jvm/java-1.8.0-openjdk-1.8.0/jre/lib/amd64"/>
    <property name="java.vm.version" value="25.65-b01"/>
    <property name="java.vm.vendor" value="Oracle Corporation"/>
    <property name="maven.multiModuleProjectDirectory" value="/home/stanislav/workspace/fluent-registry"/>
    <property name="java.vendor.url" value="http://java.oracle.com/"/>
    <property name="path.separator" value=":"/>
    <property name="guice.disable.misplaced.annotation.check" value="true"/>
    <property name="java.vm.name" value="OpenJDK 64-Bit Server VM"/>
    <property name="file.encoding.pkg" value="sun.io"/>
    <property name="user.country" value="US"/>
    <property name="sun.java.launcher" value="SUN_STANDARD"/>
    <property name="sun.os.patch.level" value="unknown"/>
    <property name="java.vm.specification.name" value="Java Virtual Machine Specification"/>
    <property name="user.dir" value="/home/stanislav/workspace/fluent-registry/repository/sql2o"/>
    <property name="java.runtime.version" value="1.8.0_65-b17"/>
    <property name="java.awt.graphicsenv" value="sun.awt.X11GraphicsEnvironment"/>
    <property name="basedir" value="/home/stanislav/workspace/fluent-registry/repository/sql2o"/>
    <property name="java.endorsed.dirs" value="/usr/lib64/jvm/java-1.8.0-openjdk-1.8.0/jre/lib/endorsed"/>
    <property name="os.arch" value="amd64"/>
    <property name="java.io.tmpdir" value="/tmp"/>
    <property name="line.separator" value="
"/>
    <property name="java.vm.specification.vendor" value="Oracle Corporation"/>
    <property name="os.name" value="Linux"/>
    <property name="classworlds.conf" value="/opt/apache-maven-3.3.3/bin/m2.conf"/>
    <property name="sun.jnu.encoding" value="UTF-8"/>
    <property name="java.library.path" value="/usr/java/packages/lib/amd64:/usr/lib64:/lib64:/lib:/usr/lib"/>
    <property name="surefire.test.class.path" value="/home/stanislav/workspace/fluent-registry/repository/sql2o/target/test-classes:/home/stanislav/workspace/fluent-registry/repository/sql2o/target/classes:/home/stanislav/workspace/fluent-registry/bean/target/fluent-registry-bean-1.0-SNAPSHOT.jar:/home/stanislav/.m2/repository/joda-time/joda-time/2.8.1/joda-time-2.8.1.jar:/home/stanislav/workspace/fluent-registry/repository/contract/target/fluent-registry-repository-1.0-SNAPSHOT.jar:/home/stanislav/.m2/repository/org/sql2o/sql2o/1.5.4/sql2o-1.5.4.jar:/home/stanislav/.m2/repository/com/google/inject/guice/4.0/guice-4.0.jar:/home/stanislav/.m2/repository/javax/inject/javax.inject/1/javax.inject-1.jar:/home/stanislav/.m2/repository/aopalliance/aopalliance/1.0/aopalliance-1.0.jar:/home/stanislav/.m2/repository/com/google/guava/guava/16.0.1/guava-16.0.1.jar:/home/stanislav/.m2/repository/info/cukes/cucumber-java/1.2.3/cucumber-java-1.2.3.jar:/home/stanislav/.m2/repository/info/cukes/cucumber-core/1.2.3/cucumber-core-1.2.3.jar:/home/stanislav/.m2/repository/info/cukes/cucumber-html/0.2.3/cucumber-html-0.2.3.jar:/home/stanislav/.m2/repository/info/cukes/cucumber-jvm-deps/1.0.5/cucumber-jvm-deps-1.0.5.jar:/home/stanislav/.m2/repository/info/cukes/gherkin/2.12.2/gherkin-2.12.2.jar:/home/stanislav/.m2/repository/info/cukes/cucumber-guice/1.2.3/cucumber-guice-1.2.3.jar:/home/stanislav/.m2/repository/info/cukes/cucumber-junit/1.2.3/cucumber-junit-1.2.3.jar:/home/stanislav/.m2/repository/junit/junit/4.12/junit-4.12.jar:/home/stanislav/.m2/repository/org/hamcrest/hamcrest-core/1.3/hamcrest-core-1.3.jar:/home/stanislav/.m2/repository/mysql/mysql-connector-java/5.1.37/mysql-connector-java-5.1.37.jar:"/>
    <property name="java.specification.name" value="Java Platform API Specification"/>
    <property name="java.class.version" value="52.0"/>
    <property name="sun.management.compiler" value="HotSpot 64-Bit Tiered Compilers"/>
    <property name="os.version" value="3.16.7-29-desktop"/>
    <property name="user.home" value="/home/stanislav"/>
    <property name="user.timezone" value="Europe/Chisinau"/>
    <property name="java.awt.printerjob" value="sun.print.PSPrinterJob"/>
    <property name="java.specification.version" value="1.8"/>
    <property name="file.encoding" value="UTF-8"/>
    <property name="user.name" value="stanislav"/>
    <property name="java.class.path" value="/opt/apache-maven-3.3.3/boot/plexus-classworlds-2.5.2.jar"/>
    <property name="java.vm.specification.version" value="1.8"/>
    <property name="sun.arch.data.model" value="64"/>
    <property name="java.home" value="/usr/lib64/jvm/java-1.8.0-openjdk-1.8.0/jre"/>
    <property name="sun.java.command" value="org.codehaus.plexus.classworlds.launcher.Launcher clean install"/>
    <property name="java.specification.vendor" value="Oracle Corporation"/>
    <property name="user.language" value="en"/>
    <property name="awt.toolkit" value="sun.awt.X11.XToolkit"/>
    <property name="java.vm.info" value="mixed mode"/>
    <property name="java.version" value="1.8.0_65"/>
    <property name="java.ext.dirs" value="/usr/lib64/jvm/java-1.8.0-openjdk-1.8.0/jre/lib/ext:/usr/java/packages/lib/ext"/>
    <property name="securerandom.source" value="file:/dev/./urandom"/>
    <property name="sun.boot.class.path" value="/usr/lib64/jvm/java-1.8.0-openjdk-1.8.0/jre/lib/resources.jar:/usr/lib64/jvm/java-1.8.0-openjdk-1.8.0/jre/lib/rt.jar:/usr/lib64/jvm/java-1.8.0-openjdk-1.8.0/jre/lib/sunrsasign.jar:/usr/lib64/jvm/java-1.8.0-openjdk-1.8.0/jre/lib/jsse.jar:/usr/lib64/jvm/java-1.8.0-openjdk-1.8.0/jre/lib/jce.jar:/usr/lib64/jvm/java-1.8.0-openjdk-1.8.0/jre/lib/charsets.jar:/usr/lib64/jvm/java-1.8.0-openjdk-1.8.0/jre/lib/jfr.jar:/usr/lib64/jvm/java-1.8.0-openjdk-1.8.0/jre/classes"/>
    <property name="java.vendor" value="Oracle Corporation"/>
    <property name="maven.home" value="/opt/apache-maven-3.3.3"/>
    <property name="localRepository" value="/home/stanislav/.m2/repository"/>
    <property name="file.separator" value="/"/>
    <property name="java.vendor.url.bug" value="http://bugreport.sun.com/bugreport/"/>
    <property name="sun.cpu.endian" value="little"/>
    <property name="sun.io.unicode.encoding" value="UnicodeLittle"/>
    <property name="sun.cpu.isalist" value=""/>
  </properties>
  <testcase name="Given no users in database." time="0.001"/>
  <testcase name="When create user: Stanislav Trifan, strifan@email.com, qwertyhash" time="0"/>
  <testcase name="And find user by email: strifan@email.com" time="0"/>
  <testcase name="Then found user has name Stanislav Trifan" time="0"/>
  <testcase name="And found user has password hash qwertyhash" time="0"/>
  <testcase name="And found user was created in less that 1 minute ago" time="0"/>
  <testcase name="And found user is enabled" time="0"/>
  <testcase name="Scenario: Create user" time="0"/>
</testsuite>